<?xml version="1.0" encoding="UTF-8"?>
<!-- Generated by org.testng.reporters.JUnitXMLReporter -->
<testsuite hostname="Rayhan" ignored="0" name="Default test" tests="3" failures="0" timestamp="2022-06-30T16:46:38 EDT" time="11.095" errors="0">
  <testcase name="selectByIndex" time="2.193" classname="hw_16.Dropdown"/>
  <testcase name="selectByValue" time="2.037" classname="hw_16.Dropdown"/>
  <testcase name="selectByVisbleText" time="2.052" classname="hw_16.Dropdown"/>
</testsuite> <!-- Default test -->
